2026-02-03 15:05:41,976 - INFO - 成功: 从all.ini加载配置文件成功
2026-02-03 15:05:41,976 - INFO - ==================================================
2026-02-03 15:05:41,976 - INFO - 开始执行恢复快照与启动虚拟机模块
2026-02-03 15:05:41,976 - INFO - ==================================================
2026-02-03 15:05:41,977 - WARNING - 警告: selected_config未设置，重新执行配置加载和选择
2026-02-03 15:05:41,978 - INFO - 成功: 从all.ini加载配置文件成功
2026-02-03 15:05:41,978 - INFO - 成功: 使用配置文件中的目标虚拟机
2026-02-03 15:05:41,978 - INFO - 正在登录 HCI 设备 10.156.1.50...
2026-02-03 15:05:43,040 - INFO - 正在获取公钥...
2026-02-03 15:05:43,177 - INFO - 成功: 已获取公钥
2026-02-03 15:05:43,177 - INFO - 正在加密密码...
2026-02-03 15:05:43,177 - INFO - 成功: 密码加密完成
2026-02-03 15:05:43,177 - INFO - 正在登录...
2026-02-03 15:05:43,500 - INFO - 成功: 成功获取HCI登录凭证
2026-02-03 15:05:43,512 - INFO - 正在查找虚拟机 XMG5100丛雨2.112...
2026-02-03 15:05:43,512 - INFO - 尝试获取虚拟机列表，第 1/10 次...
2026-02-03 15:05:44,000 - INFO - curl响应状态: 完成
2026-02-03 15:05:44,002 - INFO - 成功: 找到虚拟机: XMG5100丛雨2.112, ID: 7908819340268
2026-02-03 15:05:44,003 - INFO - 正在查询虚拟机 7908819340268 的快照列表...
2026-02-03 15:05:44,246 - INFO - 成功: 获取到 8 个快照
2026-02-03 15:05:44,247 - INFO -   - v3.3 (ID: ad87f6476-e5a9-4cba-a1df-a6c6e5891ccea)
2026-02-03 15:05:44,247 - INFO -   - vXWAC3.0.1.0 (ID: a2eb52223-370d-4c56-b105-e098cb99c716a)
2026-02-03 15:05:44,247 - INFO -   - v3.7.9.7 (ID: aa0d46675-82a6-4d7e-80d1-47d0565c92eca)
2026-02-03 15:05:44,247 - INFO -   - vnac3.10.0 (ID: ae1a34932-fcee-4e92-9893-7a5de90311d9a)
2026-02-03 15:05:44,247 - INFO -   - 3.16.0 (ID: a236de378-0270-4817-8661-5273779fa01aa)
2026-02-03 15:05:44,247 - INFO -   - NMC3.16.0 (ID: a61c26906-7082-4d47-967e-16f093f36910a)
2026-02-03 15:05:44,247 - INFO -   - 双机 (ID: a4bc90aea-4b98-4a81-80b0-3d5e50c594eba)
2026-02-03 15:05:44,247 - INFO -   - current (ID: None)
2026-02-03 15:05:44,247 - INFO - 正在恢复虚拟机 7908819340268 到快照 a61c26906-7082-4d47-967e-16f093f36910a...
2026-02-03 15:05:44,469 - INFO - curl命令输出: {"success":1,"data":"UPID:host-24166d985829:00005D84:D533AE45:69819BFB:恢复虚拟机快照:7908819340268:admin@vtp:"}
2026-02-03 15:05:44,469 - INFO - \u2713 虚拟机 7908819340268 快照恢复请求已发送成功
2026-02-03 15:05:44,469 - INFO - 等待10秒，让快照恢复过程进行中...
2026-02-03 15:05:54,469 - INFO - 等待10秒后启动虚拟机...
2026-02-03 15:06:04,469 - INFO - 正在启动虚拟机 7908819340268...
2026-02-03 15:06:04,695 - INFO - curl命令输出: {"success":1,"data":"host-24166d985829:2564:1770101775:4722712372568"}
2026-02-03 15:06:04,696 - INFO - 启动命令退出码: 0
2026-02-03 15:06:04,696 - INFO - 启动响应内容: {"success":1,"data":"host-24166d985829:2564:1770101775:4722712372568"}
2026-02-03 15:06:04,696 - INFO - \u2713 虚拟机 7908819340268 启动请求已发送成功
2026-02-03 15:06:04,698 - INFO - 成功: 模块状态已保存到 module_state.json
2026-02-03 15:06:04,698 - INFO - ==================================================
2026-02-03 15:06:04,698 - INFO - 恢复快照与启动虚拟机模块执行完成
2026-02-03 15:06:04,698 - INFO - ==================================================
2026-02-03 15:06:04,698 - INFO - recover_snapshot 模块执行成功！
