2026-02-04 14:53:51,795 - INFO - 成功: 从all.ini加载配置文件成功
2026-02-04 14:53:51,795 - INFO - 成功: 使用配置文件中的目标虚拟机
2026-02-04 14:53:51,795 - INFO - ==================================================
2026-02-04 14:53:51,795 - INFO - 开始执行升级KB包模块
2026-02-04 14:53:51,795 - INFO - ==================================================
2026-02-04 14:53:51,796 - INFO - 开始升级KB包...
2026-02-04 14:53:51,796 - INFO - 开始升级KB包到虚拟机 XMG5100丛雨2.112...
2026-02-04 14:53:51,796 - INFO - 设备IP: 10.156.2.112
2026-02-04 14:53:51,798 - INFO - KB SIGN文件: C:\KB\KB-WACAP-20260116-Wlan-2025111403\KB-WACAP-20260116-Wlan-2025111403-001.sign.tgz
2026-02-04 14:53:55,813 - INFO - 已创建新的浏览器上下文
2026-02-04 14:53:55,813 - INFO - 尝试访问设备 10.156.2.112 (第 1/5 次)...
2026-02-04 14:54:01,755 - INFO - \u2713 成功访问设备 10.156.2.112
2026-02-04 14:54:04,773 - INFO - 无证书警告或已处理，继续...
2026-02-04 14:54:04,773 - INFO - 正在输入账号密码...
2026-02-04 14:54:05,453 - INFO - 账号已输入
2026-02-04 14:54:06,351 - INFO - 密码已输入
2026-02-04 14:54:06,455 - INFO - 已勾选同意条款
2026-02-04 14:54:06,805 - INFO - 已点击登录按钮，等待页面加载...
2026-02-04 14:54:14,807 - INFO - 正在跳转到升级页面...
2026-02-04 14:54:15,009 - INFO - \u2713 已跳转到升级页面
2026-02-04 14:54:20,010 - INFO - \u2713 升级页面已加载
2026-02-04 14:54:20,010 - INFO - 正在勾选"补丁包升级"...
2026-02-04 14:54:26,963 - INFO - \u2713 已勾选"补丁包升级"
2026-02-04 14:54:29,964 - INFO - 正在上传补丁包...
2026-02-04 14:54:30,060 - INFO - \u2713 已上传补丁包: KB-WACAP-20260116-Wlan-2025111403-001.sign.tgz
2026-02-04 14:54:45,062 - INFO - 正在点击"开始升级"按钮...
2026-02-04 14:54:45,337 - INFO - \u2713 已点击"开始升级"按钮
2026-02-04 14:54:48,338 - INFO - 正在点击"确定"按钮...
2026-02-04 14:54:48,479 - INFO - \u2713 已点击"确定"按钮
2026-02-04 14:54:48,479 - INFO - 等待20秒确认更新...
2026-02-04 14:55:08,484 - INFO - 等待页面自动刷新...
2026-02-04 14:55:08,494 - INFO - \u2713 页面已自动刷新完成
2026-02-04 14:55:08,494 - INFO -
\u2713 虚拟机 XMG5100丛雨2.112 KB包升级成功！
2026-02-04 14:55:08,494 - INFO - ==================================================
2026-02-04 14:55:08,958 - INFO - 已关闭更新操作的浏览器上下文
2026-02-04 14:55:08,979 - INFO - \u2713 升级KB包成功
2026-02-04 14:55:08,982 - INFO - 成功: 模块状态已保存到 module_state.json
2026-02-04 14:55:08,982 - INFO - ==================================================
2026-02-04 14:55:08,982 - INFO - 升级KB包模块执行完成
2026-02-04 14:55:08,982 - INFO - ==================================================
2026-02-04 14:55:08,982 - INFO - upgrade_kb 模块执行成功！
