2026-02-03 15:12:25,996 - INFO - 成功: 从all.ini加载配置文件成功
2026-02-03 15:12:25,996 - INFO - 成功: 使用配置文件中的目标虚拟机
2026-02-03 15:12:25,996 - INFO - ==================================================
2026-02-03 15:12:25,996 - INFO - 开始执行检测重启模块
2026-02-03 15:12:25,996 - INFO - ==================================================
2026-02-03 15:12:25,997 - INFO - 正在检测虚拟机重启状态...
2026-02-03 15:12:25,997 - INFO - 正在检测虚拟机 XMG5100丛雨2.112 是否重启完毕...
2026-02-03 15:12:25,997 - WARNING - HCI凭证未初始化，尝试获取...
2026-02-03 15:12:25,997 - INFO - 正在登录 HCI 设备 10.156.1.50...
2026-02-03 15:12:27,597 - INFO - 正在获取公钥...
2026-02-03 15:12:27,784 - INFO - 成功: 已获取公钥
2026-02-03 15:12:27,784 - INFO - 正在加密密码...
2026-02-03 15:12:27,785 - INFO - 成功: 密码加密完成
2026-02-03 15:12:27,785 - INFO - 正在登录...
2026-02-03 15:12:28,092 - INFO - 成功: 成功获取HCI登录凭证
2026-02-03 15:12:30,692 - INFO - 正在访问超融合管理平台: https://10.156.1.50/#/mod-computer/index?id=&name=&stype=&status=&active_grp_path=&group_type=&tab=hci
2026-02-03 15:12:31,482 - INFO - 正在输入用户名...
2026-02-03 15:12:31,625 - INFO - 正在输入密码...
2026-02-03 15:12:31,708 - INFO - 正在登录...
2026-02-03 15:12:31,777 - INFO - 等待5秒...
2026-02-03 15:12:36,786 - INFO - \u2713 登录完成
2026-02-03 15:12:36,787 - INFO - 正在跳转到虚拟机控制台: https://10.156.1.50/#/mod-console/index?n-hfs&vmid=7908819340268&vmname=XMG5100%E4%B8%9B%E9%9B%A82.112
2026-02-03 15:12:36,801 - INFO - \u2713 已跳转到虚拟机控制台页面
2026-02-03 15:12:36,801 - INFO - 正在等待VNC控制台加载...
2026-02-03 15:12:37,313 - INFO - \u2713 VNC控制台元素已加载
2026-02-03 15:12:42,324 - INFO - \u2713 控制台页面加载完成，开始检测...
2026-02-03 15:12:42,328 - INFO - 检测到补丁服务提示元素，正在删除...
2026-02-03 15:12:42,332 - INFO - \u2713 补丁服务提示元素已删除
2026-02-03 15:12:42,336 - INFO - 未检测到客户回访弹窗
2026-02-03 15:12:42,533 - INFO - 模板匹配度: 1.0000 (阈值: 0.95)
2026-02-03 15:12:42,534 - INFO - \u2713 模板匹配检测到已成功进入 Debug Shell 界面！
2026-02-03 15:12:42,534 - INFO - \u2713 [2026-02-03 15:12:42] 模板匹配检测到重启完成标志，连续成功次数: 1/3
2026-02-03 15:12:47,646 - INFO - 模板匹配度: 1.0000 (阈值: 0.95)
2026-02-03 15:12:47,646 - INFO - \u2713 模板匹配检测到已成功进入 Debug Shell 界面！
2026-02-03 15:12:47,646 - INFO - \u2713 [2026-02-03 15:12:47] 模板匹配检测到重启完成标志，连续成功次数: 2/3
2026-02-03 15:12:52,761 - INFO - 模板匹配度: 1.0000 (阈值: 0.95)
2026-02-03 15:12:52,761 - INFO - \u2713 模板匹配检测到已成功进入 Debug Shell 界面！
2026-02-03 15:12:52,761 - INFO - \u2713 [2026-02-03 15:12:52] 模板匹配检测到重启完成标志，连续成功次数: 3/3
2026-02-03 15:12:52,761 - INFO - \u2713 虚拟机 XMG5100丛雨2.112 重启完成
2026-02-03 15:12:53,064 - INFO - 成功: 虚拟机重启检测完成
2026-02-03 15:12:53,067 - INFO - 成功: 模块状态已保存到 module_state.json
2026-02-03 15:12:53,067 - INFO - ==================================================
2026-02-03 15:12:53,067 - INFO - 检测重启模块执行完成
2026-02-03 15:12:53,067 - INFO - ==================================================
2026-02-03 15:12:53,067 - INFO - check_reboot 模块执行成功！
