2026-02-03 15:07:18,778 - INFO - 成功: 从all.ini加载配置文件成功
2026-02-03 15:07:18,778 - INFO - ==================================================
2026-02-03 15:07:18,778 - INFO - 开始执行检测重启模块
2026-02-03 15:07:18,779 - INFO - ==================================================
2026-02-03 15:07:18,780 - WARNING - 警告: selected_config未设置，重新执行配置加载和选择
2026-02-03 15:07:18,782 - INFO - 成功: 从all.ini加载配置文件成功
2026-02-03 15:07:18,782 - INFO - 成功: 使用配置文件中的目标虚拟机
2026-02-03 15:07:18,782 - INFO - 正在登录 HCI 设备 10.156.1.50...
2026-02-03 15:07:20,093 - INFO - 正在获取公钥...
2026-02-03 15:07:20,264 - INFO - 成功: 已获取公钥
2026-02-03 15:07:20,265 - INFO - 正在加密密码...
2026-02-03 15:07:20,265 - INFO - 成功: 密码加密完成
2026-02-03 15:07:20,265 - INFO - 正在登录...
2026-02-03 15:07:20,616 - INFO - 成功: 成功获取HCI登录凭证
2026-02-03 15:07:20,632 - INFO - 正在检测虚拟机重启状态...
2026-02-03 15:07:20,633 - INFO - 正在检测虚拟机 XMG5100丛雨2.112 是否重启完毕...
2026-02-03 15:07:22,613 - INFO - 正在访问超融合管理平台: https://10.156.1.50/#/mod-computer/index?id=&name=&stype=&status=&active_grp_path=&group_type=&tab=hci
2026-02-03 15:07:23,780 - INFO - 正在输入用户名...
2026-02-03 15:07:23,911 - INFO - 正在输入密码...
2026-02-03 15:07:23,967 - INFO - 正在登录...
2026-02-03 15:07:24,020 - INFO - 等待5秒...
2026-02-03 15:07:29,036 - INFO - \u2713 登录完成
2026-02-03 15:07:29,036 - INFO - 正在跳转到虚拟机控制台: https://10.156.1.50/#/mod-console/index?n-hfs&vmid=7908819340268&vmname=XMG5100%E4%B8%9B%E9%9B%A82.112
2026-02-03 15:07:29,059 - INFO - \u2713 已跳转到虚拟机控制台页面
2026-02-03 15:07:29,060 - INFO - 正在等待VNC控制台加载...
2026-02-03 15:07:30,511 - INFO - \u2713 VNC控制台元素已加载
2026-02-03 15:07:35,514 - INFO - \u2713 控制台页面加载完成，开始检测...
2026-02-03 15:07:35,519 - INFO - 检测到补丁服务提示元素，正在删除...
2026-02-03 15:07:35,525 - INFO - \u2713 补丁服务提示元素已删除
2026-02-03 15:07:35,532 - INFO - 未检测到客户回访弹窗
2026-02-03 15:07:35,822 - INFO - 模板匹配度: 0.2098 (阈值: 0.95)
2026-02-03 15:07:35,822 - INFO - \u2717 模板匹配未检测到目标界面
2026-02-03 15:07:35,822 - INFO - \u2717 [2026-02-03 15:07:35] 模板匹配未检测到重启完成标志，第 1/240 次尝试
2026-02-03 15:07:40,972 - INFO - 模板匹配度: 0.2535 (阈值: 0.95)
2026-02-03 15:07:40,972 - INFO - \u2717 模板匹配未检测到目标界面
2026-02-03 15:07:40,972 - INFO - \u2717 [2026-02-03 15:07:40] 模板匹配未检测到重启完成标志，第 2/240 次尝试
2026-02-03 15:07:46,115 - INFO - 模板匹配度: 0.2535 (阈值: 0.95)
2026-02-03 15:07:46,115 - INFO - \u2717 模板匹配未检测到目标界面
2026-02-03 15:07:46,115 - INFO - \u2717 [2026-02-03 15:07:45] 模板匹配未检测到重启完成标志，第 3/240 次尝试
2026-02-03 15:07:51,234 - INFO - 模板匹配度: 0.2535 (阈值: 0.95)
2026-02-03 15:07:51,234 - INFO - \u2717 模板匹配未检测到目标界面
2026-02-03 15:07:51,234 - INFO - \u2717 [2026-02-03 15:07:51] 模板匹配未检测到重启完成标志，第 4/240 次尝试
2026-02-03 15:07:56,364 - INFO - 模板匹配度: 1.0000 (阈值: 0.95)
2026-02-03 15:07:56,364 - INFO - \u2713 模板匹配检测到已成功进入 Debug Shell 界面！
2026-02-03 15:07:56,364 - INFO - \u2713 [2026-02-03 15:07:56] 模板匹配检测到重启完成标志，连续成功次数: 1/3
